==6479== Memcheck, a memory error detector
==6479== Copyright (C) 2002-2017, and GNU GPL'd, by Julian Seward et al.
==6479== Using Valgrind-3.15.0 and LibVEX; rerun with -h for copyright info
==6479== Command: ./monty test.m
==6479== Parent PID: 6407
==6479== 
==6479== 
==6479== HEAP SUMMARY:
==6479==     in use at exit: 496 bytes in 2 blocks
==6479==   total heap usage: 9 allocs, 7 frees, 5,656 bytes allocated
==6479== 
==6479== 24 bytes in 1 blocks are still reachable in loss record 1 of 2
==6479==    at 0x483B7F3: malloc (in /usr/lib/x86_64-linux-gnu/valgrind/vgpreload_memcheck-amd64-linux.so)
==6479==    by 0x109A95: push (in /root/monty/monty)
==6479==    by 0x10980F: interpreter (in /root/monty/monty)
==6479==    by 0x109966: main (in /root/monty/monty)
==6479== 
==6479== 472 bytes in 1 blocks are still reachable in loss record 2 of 2
==6479==    at 0x483B7F3: malloc (in /usr/lib/x86_64-linux-gnu/valgrind/vgpreload_memcheck-amd64-linux.so)
==6479==    by 0x48D695D: __fopen_internal (iofopen.c:65)
==6479==    by 0x48D695D: fopen@@GLIBC_2.2.5 (iofopen.c:86)
==6479==    by 0x1098E6: main (in /root/monty/monty)
==6479== 
==6479== LEAK SUMMARY:
==6479==    definitely lost: 0 bytes in 0 blocks
==6479==    indirectly lost: 0 bytes in 0 blocks
==6479==      possibly lost: 0 bytes in 0 blocks
==6479==    still reachable: 496 bytes in 2 blocks
==6479==         suppressed: 0 bytes in 0 blocks
==6479== 
==6479== For lists of detected and suppressed errors, rerun with: -s
==6479== ERROR SUMMARY: 0 errors from 0 contexts (suppressed: 0 from 0)
